Determining if the pthread_create exist failed with the following output:
Change Dir: /home/user/Project/Final_project/amphibious_robot_ws/build/catkin_tools_prebuild/CMakeFiles/CMakeTmp

Run Build Command:"/usr/bin/make" "cmTC_89914/fast"
/usr/bin/make -f CMakeFiles/cmTC_89914.dir/build.make CMakeFiles/cmTC_89914.dir/build
make[1]: Entering directory '/home/user/Project/Final_project/amphibious_robot_ws/build/catkin_tools_prebuild/CMakeFiles/CMakeTmp'
Building C object CMakeFiles/cmTC_89914.dir/CheckSymbolExists.c.o
/usr/bin/cc     -o CMakeFiles/cmTC_89914.dir/CheckSymbolExists.c.o   -c /home/user/Project/Final_project/amphibious_robot_ws/build/catkin_tools_prebuild/CMakeFiles/CMakeTmp/CheckSymbolExists.c
Linking C executable cmTC_89914
/usr/bin/cmake -E cmake_link_script CMakeFiles/cmTC_89914.dir/link.txt --verbose=1
/usr/bin/cc       CMakeFiles/cmTC_89914.dir/CheckSymbolExists.c.o  -o cmTC_89914 -rdynamic 
CMakeFiles/cmTC_89914.dir/CheckSymbolExists.c.o: In function `main':
CheckSymbolExists.c:(.text+0x16): undefined reference to `pthread_create'
collect2: error: ld returned 1 exit status
CMakeFiles/cmTC_89914.dir/build.make:97: recipe for target 'cmTC_89914' failed
make[1]: *** [cmTC_89914] Error 1
make[1]: Leaving directory '/home/user/Project/Final_project/amphibious_robot_ws/build/catkin_tools_prebuild/CMakeFiles/CMakeTmp'
Makefile:126: recipe for target 'cmTC_89914/fast' failed
make: *** [cmTC_89914/fast] Error 2

File /home/user/Project/Final_project/amphibious_robot_ws/build/catkin_tools_prebuild/CMakeFiles/CMakeTmp/CheckSymbolExists.c:
/* */
#include <pthread.h>

int main(int argc, char** argv)
{
  (void)argv;
#ifndef pthread_create
  return ((int*)(&pthread_create))[argc];
#else
  (void)argc;
  return 0;
#endif
}

Determining if the function pthread_create exists in the pthreads failed with the following output:
Change Dir: /home/user/Project/Final_project/amphibious_robot_ws/build/catkin_tools_prebuild/CMakeFiles/CMakeTmp

Run Build Command:"/usr/bin/make" "cmTC_7cc5d/fast"
/usr/bin/make -f CMakeFiles/cmTC_7cc5d.dir/build.make CMakeFiles/cmTC_7cc5d.dir/build
make[1]: Entering directory '/home/user/Project/Final_project/amphibious_robot_ws/build/catkin_tools_prebuild/CMakeFiles/CMakeTmp'
Building C object CMakeFiles/cmTC_7cc5d.dir/CheckFunctionExists.c.o
/usr/bin/cc    -DCHECK_FUNCTION_EXISTS=pthread_create   -o CMakeFiles/cmTC_7cc5d.dir/CheckFunctionExists.c.o   -c /usr/share/cmake-3.5/Modules/CheckFunctionExists.c
Linking C executable cmTC_7cc5d
/usr/bin/cmake -E cmake_link_script CMakeFiles/cmTC_7cc5d.dir/link.txt --verbose=1
/usr/bin/cc   -DCHECK_FUNCTION_EXISTS=pthread_create    CMakeFiles/cmTC_7cc5d.dir/CheckFunctionExists.c.o  -o cmTC_7cc5d -rdynamic -lpthreads 
/usr/bin/ld: cannot find -lpthreads
collect2: error: ld returned 1 exit status
CMakeFiles/cmTC_7cc5d.dir/build.make:97: recipe for target 'cmTC_7cc5d' failed
make[1]: *** [cmTC_7cc5d] Error 1
make[1]: Leaving directory '/home/user/Project/Final_project/amphibious_robot_ws/build/catkin_tools_prebuild/CMakeFiles/CMakeTmp'
Makefile:126: recipe for target 'cmTC_7cc5d/fast' failed
make: *** [cmTC_7cc5d/fast] Error 2


