Determining if the pthread_create exist failed with the following output:
Change Dir: /home/user/Project/Final_project/amphibious_robot_ws/build/slam/CMakeFiles/CMakeTmp

Run Build Command:"/usr/bin/make" "cmTC_5d21a/fast"
/usr/bin/make -f CMakeFiles/cmTC_5d21a.dir/build.make CMakeFiles/cmTC_5d21a.dir/build
make[1]: Entering directory '/home/user/Project/Final_project/amphibious_robot_ws/build/slam/CMakeFiles/CMakeTmp'
Building C object CMakeFiles/cmTC_5d21a.dir/CheckSymbolExists.c.o
/usr/bin/cc     -o CMakeFiles/cmTC_5d21a.dir/CheckSymbolExists.c.o   -c /home/user/Project/Final_project/amphibious_robot_ws/build/slam/CMakeFiles/CMakeTmp/CheckSymbolExists.c
Linking C executable cmTC_5d21a
/usr/bin/cmake -E cmake_link_script CMakeFiles/cmTC_5d21a.dir/link.txt --verbose=1
/usr/bin/cc       CMakeFiles/cmTC_5d21a.dir/CheckSymbolExists.c.o  -o cmTC_5d21a -rdynamic 
CMakeFiles/cmTC_5d21a.dir/CheckSymbolExists.c.o: In function `main':
CheckSymbolExists.c:(.text+0x16): undefined reference to `pthread_create'
collect2: error: ld returned 1 exit status
CMakeFiles/cmTC_5d21a.dir/build.make:97: recipe for target 'cmTC_5d21a' failed
make[1]: *** [cmTC_5d21a] Error 1
make[1]: Leaving directory '/home/user/Project/Final_project/amphibious_robot_ws/build/slam/CMakeFiles/CMakeTmp'
Makefile:126: recipe for target 'cmTC_5d21a/fast' failed
make: *** [cmTC_5d21a/fast] Error 2

File /home/user/Project/Final_project/amphibious_robot_ws/build/slam/CMakeFiles/CMakeTmp/CheckSymbolExists.c:
/* */
#include <pthread.h>

int main(int argc, char** argv)
{
  (void)argv;
#ifndef pthread_create
  return ((int*)(&pthread_create))[argc];
#else
  (void)argc;
  return 0;
#endif
}

Determining if the function pthread_create exists in the pthreads failed with the following output:
Change Dir: /home/user/Project/Final_project/amphibious_robot_ws/build/slam/CMakeFiles/CMakeTmp

Run Build Command:"/usr/bin/make" "cmTC_78de2/fast"
/usr/bin/make -f CMakeFiles/cmTC_78de2.dir/build.make CMakeFiles/cmTC_78de2.dir/build
make[1]: Entering directory '/home/user/Project/Final_project/amphibious_robot_ws/build/slam/CMakeFiles/CMakeTmp'
Building C object CMakeFiles/cmTC_78de2.dir/CheckFunctionExists.c.o
/usr/bin/cc    -DCHECK_FUNCTION_EXISTS=pthread_create   -o CMakeFiles/cmTC_78de2.dir/CheckFunctionExists.c.o   -c /usr/share/cmake-3.5/Modules/CheckFunctionExists.c
Linking C executable cmTC_78de2
/usr/bin/cmake -E cmake_link_script CMakeFiles/cmTC_78de2.dir/link.txt --verbose=1
/usr/bin/cc   -DCHECK_FUNCTION_EXISTS=pthread_create    CMakeFiles/cmTC_78de2.dir/CheckFunctionExists.c.o  -o cmTC_78de2 -rdynamic -lpthreads 
/usr/bin/ld: cannot find -lpthreads
collect2: error: ld returned 1 exit status
CMakeFiles/cmTC_78de2.dir/build.make:97: recipe for target 'cmTC_78de2' failed
make[1]: *** [cmTC_78de2] Error 1
make[1]: Leaving directory '/home/user/Project/Final_project/amphibious_robot_ws/build/slam/CMakeFiles/CMakeTmp'
Makefile:126: recipe for target 'cmTC_78de2/fast' failed
make: *** [cmTC_78de2/fast] Error 2


