Not searching for unused variables given on the command line.
[36m--[0m The C compiler identification is GNU 5.4.0
[36m--[0m The CXX compiler identification is GNU 5.4.0
[36m--[0m Check for working C compiler: /usr/bin/cc
[36m--[0m Check for working C compiler: /usr/bin/cc -- works
[36m--[0m Detecting C compiler ABI info
[36m--[0m Detecting C compiler ABI info - done
[36m--[0m Detecting C compile features
[36m--[0m Detecting C compile features - done
[36m--[0m Check for working CXX compiler: /usr/bin/c++
[36m--[0m Check for working CXX compiler: /usr/bin/c++ -- works
[36m--[0m Detecting CXX compiler ABI info
[36m--[0m Detecting CXX compiler ABI info - done
[36m--[0m Detecting CXX compile features
[36m--[0m Detecting CXX compile features - done
[36m--[0m Using CATKIN_DEVEL_PREFIX: /home/user/Project/Final_project/amphibious_robot_ws/devel/.private/slam
[36m--[0m Using CMAKE_PREFIX_PATH: /home/user/Project/Final_project/amphibious_robot_ws/devel;/opt/ros/kinetic
[36m--[0m This workspace overlays: /home/user/Project/Final_project/amphibious_robot_ws/devel;/opt/ros/kinetic
[36m--[0m Found PythonInterp: /usr/bin/python (found version "2.7.12")
[36m--[0m Using PYTHON_EXECUTABLE: /usr/bin/python
[36m--[0m Using Debian Python package layout
[36m--[0m Using empy: /usr/bin/empy
[36m--[0m Using CATKIN_ENABLE_TESTING: ON
[36m--[0m Call enable_testing()
[36m--[0m Using CATKIN_TEST_RESULTS_DIR: /home/user/Project/Final_project/amphibious_robot_ws/build/slam/test_results
[36m--[0m Found gmock sources under '/usr/src/gmock': gmock will be built
[36m--[0m Looking for pthread.h
[36m--[0m Looking for pthread.h - found
[36m--[0m Looking for pthread_create
[36m--[0m Looking for pthread_create - not found
[36m--[0m Looking for pthread_create in pthreads
[36m--[0m Looking for pthread_create in pthreads - not found
[36m--[0m Looking for pthread_create in pthread
[36m--[0m Looking for pthread_create in pthread - found
[36m--[0m Found Threads: TRUE
[36m--[0m Found gtest sources under '/usr/src/gmock': gtests will be built
[36m--[0m Using Python nosetests: /usr/bin/nosetests-2.7
[36m--[0m catkin 0.7.18
[36m--[0m BUILD_SHARED_LIBS is on
[36m--[0m Found OpenCV: /opt/ros/kinetic (found version "3.3.1")
[31m[1mCMake Error[0m at /home/user/Project/Final_project/amphibious_robot_ws/src/slam/CMakeLists.txt:18 (add_subdirectory):
  The source directory

    /home/user/Project/Final_project/amphibious_robot_ws/src/slam/ar_slam

  does not contain a CMakeLists.txt file.


[31m[1mCMake Error[0m at /opt/ros/kinetic/share/catkin/cmake/catkin_package_xml.cmake:54 (message):
  catkin_package_xml() package name 'slam' in
  '/home/user/Project/Final_project/amphibious_robot_ws/src/slam/package.xml'
  does not match current PROJECT_NAME 'feature_tracker'.  You must call
  project() with the same package name before.
[36mCall Stack (most recent call first):[0m
  /opt/ros/kinetic/share/catkin/cmake/catkin_package.cmake:99 (catkin_package_xml)
  CMakeLists.txt:20 (catkin_package)


[36m--[0m Configuring incomplete, errors occurred!
See also "/home/user/Project/Final_project/amphibious_robot_ws/build/slam/CMakeFiles/CMakeOutput.log".
See also "/home/user/Project/Final_project/amphibious_robot_ws/build/slam/CMakeFiles/CMakeError.log".
